<?xml version="1.0" encoding="UTF-8"?>
<!-- Generated by org.testng.reporters.JUnitReportReporter -->
<testsuite hostname="DESKTOP-HUVU21D" failures="1" tests="1" name="com.framework.runners.TestRunner" time="8.890" errors="0" timestamp="2025-04-17T15:44:11 IST" skipped="0">
  <testcase classname="com.framework.runners.TestRunner" name="runScenario" time="8.890">
    <failure message="Username not cleared expected [true] but found [false]" type="java.lang.AssertionError">
      <![CDATA[java.lang.AssertionError: Username not cleared expected [true] but found [false]
at org.testng.Assert.fail(Assert.java:110)
at org.testng.Assert.failNotEquals(Assert.java:1413)
at org.testng.Assert.assertTrue(Assert.java:56)
at com.framework.pages.LoginPage1.verifyFieldsCleared(LoginPage1.java:57)
at com.framework.stepdefinitions.FrameStepDefinitions.verifyFieldsAreCleared(FrameStepDefinitions.java:75)
at ✽.the login form fields should be cleared(file:///E:/project/Interview%20practice/PracticeBDD/src/test/resources/Features/frame_navigation_bdd.feature:29)
]]>
    </failure>
  </testcase> <!-- runScenario -->
  <system-out/>
</testsuite> <!-- com.framework.runners.TestRunner -->
